<?xml version="1.0" encoding="UTF-8"?>
<!-- Generated by org.testng.reporters.JUnitReportReporter -->
<testsuite hostname="LAPTOP-HGJU6DES" failures="0" tests="1" name="cucumber.Options.TestRunner" time="5.246" errors="0" timestamp="2024-05-08T18:26:15 IST" skipped="0">
  <testcase classname="cucumber.Options.TestRunner" name="runScenario" time="5.246"/>
</testsuite> <!-- cucumber.Options.TestRunner -->
